Using pre-set license
Built from '2020.3/staging' branch; Version is '2020.3.8f1 (507919d4fff5) revision 5273881'; Using compiler version '192528614'; Build Type 'Release'
OS: 'Windows 10 Pro; OS build 15063.1387; Version 1703; 64bit' Language: 'en' Physical Memory: 16349 MB
BatchMode: 1, IsHumanControllingUs: 0, StartBugReporterOnCrash: 0, Is64bit: 1, IsPro: 0

 COMMAND LINE ARGUMENTS:
C:\Program Files\Unity Editors\2020.3.8f1\Editor\Unity.exe
-adb2
-batchMode
-noUpm
-name
AssetImportWorker0
-projectPath
C:/Users/admin/Desktop/RICKY SCHOOL/softwaredesign/UNITY PROJECTS/SuperReducedDancing
-logFile
Logs/AssetImportWorker0.log
-srvPort
61789
Successfully changed project path to: C:/Users/admin/Desktop/RICKY SCHOOL/softwaredesign/UNITY PROJECTS/SuperReducedDancing
C:/Users/admin/Desktop/RICKY SCHOOL/softwaredesign/UNITY PROJECTS/SuperReducedDancing
Using Asset Import Pipeline V2.
Refreshing native plugins compatible for Editor in 47.02 ms, found 0 plugins.
Preloading 0 native plugins for Editor in 0.00 ms.
Initialize engine version: 2020.3.8f1 (507919d4fff5)
[Subsystems] Discovering subsystems at path C:/Program Files/Unity Editors/2020.3.8f1/Editor/Data/Resources/UnitySubsystems
[Subsystems] Discovering subsystems at path C:/Users/admin/Desktop/RICKY SCHOOL/softwaredesign/UNITY PROJECTS/SuperReducedDancing/Assets
GfxDevice: creating device client; threaded=0
Direct3D:
    Version:  Direct3D 11.0 [level 11.1]
    Renderer: NVIDIA GeForce GTX 1050 Ti (ID=0x1c82)
    Vendor:   
    VRAM:     4018 MB
    Driver:   26.21.14.4120
Initialize mono
Mono path[0] = 'C:/Program Files/Unity Editors/2020.3.8f1/Editor/Data/Managed'
Mono path[1] = 'C:/Program Files/Unity Editors/2020.3.8f1/Editor/Data/MonoBleedingEdge/lib/mono/unityjit'
Mono config path = 'C:/Program Files/Unity Editors/2020.3.8f1/Editor/Data/MonoBleedingEdge/etc'
Using monoOptions --debugger-agent=transport=dt_socket,embedding=1,server=y,suspend=n,address=127.0.0.1:56760
Begin MonoManager ReloadAssembly
Registering precompiled unity dll's ...
Register platform support module: C:/Program Files/Unity Editors/2020.3.8f1/Editor/Data/PlaybackEngines/WindowsStandaloneSupport/UnityEditor.WindowsStandalone.Extensions.dll
Registered in 0.001923 seconds.
Native extension for WindowsStandalone target not found
Refreshing native plugins compatible for Editor in 51.11 ms, found 0 plugins.
Preloading 0 native plugins for Editor in 0.00 ms.
Mono: successfully reloaded assembly
- Completed reload, in  2.784 seconds
Platform modules already initialized, skipping
Registering precompiled user dll's ...
Registered in 0.011415 seconds.
Begin MonoManager ReloadAssembly
Native extension for WindowsStandalone target not found
Refreshing native plugins compatible for Editor in 0.38 ms, found 0 plugins.
Preloading 0 native plugins for Editor in 0.00 ms.
Mono: successfully reloaded assembly
- Completed reload, in  1.174 seconds
Platform modules already initialized, skipping
========================================================================
Worker process is ready to serve import requests
Launched and connected shader compiler UnityShaderCompiler.exe after 0.04 seconds
Refreshing native plugins compatible for Editor in 0.43 ms, found 0 plugins.
Preloading 0 native plugins for Editor in 0.00 ms.
Unloading 1155 Unused Serialized files (Serialized files now loaded: 0)
System memory in use before: 62.5 MB.
System memory in use after: 62.5 MB.

Unloading 13 unused Assets to reduce memory usage. Loaded Objects now: 1608.
Total: 2.672801 ms (FindLiveObjects: 0.157370 ms CreateObjectMapping: 0.048828 ms MarkObjects: 2.352774 ms  DeleteObjects: 0.112585 ms)

========================================================================
Received Import Request.
  path: Assets/ProfessionalAssets/UIPack/Prefabs
  artifactKey: Guid(1826e071ccd6f994f87702ab861317c2) Importer(815301076,1909f56bfc062723c751e8b465ee728b)
Start importing Assets/ProfessionalAssets/UIPack/Prefabs using Guid(1826e071ccd6f994f87702ab861317c2) Importer(815301076,1909f56bfc062723c751e8b465ee728b)  -> (artifact id: '346c26d01c815a25a9a8751ea63e5221') in 0.013986 seconds
  Import took 0.018086 seconds .

========================================================================
Received Import Request.
  Time since last request: 0.000233 seconds.
  path: Assets/ProfessionalAssets/UIPack/Prefabs/Joystick [UI].prefab
  artifactKey: Guid(6d60725a6dc484e4eb5050234279c0c4) Importer(815301076,1909f56bfc062723c751e8b465ee728b)
Start importing Assets/ProfessionalAssets/UIPack/Prefabs/Joystick [UI].prefab using Guid(6d60725a6dc484e4eb5050234279c0c4) Importer(815301076,1909f56bfc062723c751e8b465ee728b)  -> (artifact id: '5cfe150d8f218e0dac14ce5200bcfcc6') in 0.091050 seconds
  Import took 0.093658 seconds .

========================================================================
Received Import Request.
  Time since last request: 2.182407 seconds.
  path: Assets/ProfessionalAssets/DronePack/Editor
  artifactKey: Guid(7e84559a5b0a1024795141537decbac8) Importer(815301076,1909f56bfc062723c751e8b465ee728b)
Start importing Assets/ProfessionalAssets/DronePack/Editor using Guid(7e84559a5b0a1024795141537decbac8) Importer(815301076,1909f56bfc062723c751e8b465ee728b)  -> (artifact id: '924bbd2b19333e5707d89514d56770c7') in 0.022030 seconds
  Import took 0.024674 seconds .

========================================================================
Received Import Request.
  Time since last request: 0.666405 seconds.
  path: Assets/ProfessionalAssets/DronePack/Editor/cmpl
  artifactKey: Guid(cef51774c7f65554087b7fe8a2e49794) Importer(815301076,1909f56bfc062723c751e8b465ee728b)
Start importing Assets/ProfessionalAssets/DronePack/Editor/cmpl using Guid(cef51774c7f65554087b7fe8a2e49794) Importer(815301076,1909f56bfc062723c751e8b465ee728b)  -> (artifact id: 'b0b01e532e23090ce8f0f62c2db8e153') in 0.018414 seconds
  Import took 0.022067 seconds .

========================================================================
Received Import Request.
  Time since last request: 1.500094 seconds.
  path: Assets/ProfessionalAssets/DronePack/Meshes
  artifactKey: Guid(fa33e6704b355f64895b914cf5c5a072) Importer(815301076,1909f56bfc062723c751e8b465ee728b)
Start importing Assets/ProfessionalAssets/DronePack/Meshes using Guid(fa33e6704b355f64895b914cf5c5a072) Importer(815301076,1909f56bfc062723c751e8b465ee728b)  -> (artifact id: 'c02d6a23addbb7e57989745c108ccb5c') in 0.016159 seconds
  Import took 0.018849 seconds .

========================================================================
Received Import Request.
  Time since last request: 0.978727 seconds.
  path: Assets/ProfessionalAssets/DronePack/Misc
  artifactKey: Guid(92786efe05cb1e84f92ca63b6143c653) Importer(815301076,1909f56bfc062723c751e8b465ee728b)
Start importing Assets/ProfessionalAssets/DronePack/Misc using Guid(92786efe05cb1e84f92ca63b6143c653) Importer(815301076,1909f56bfc062723c751e8b465ee728b)  -> (artifact id: 'ba478e2b277e30a264bcf620d4b205ed') in 0.025170 seconds
  Import took 0.028176 seconds .

========================================================================
Received Import Request.
  Time since last request: 19.083881 seconds.
  path: Assets/ProfessionalAssets/DronePack/Prefabs
  artifactKey: Guid(e7e00a68a1122d04291baf30ac70da95) Importer(815301076,1909f56bfc062723c751e8b465ee728b)
Start importing Assets/ProfessionalAssets/DronePack/Prefabs using Guid(e7e00a68a1122d04291baf30ac70da95) Importer(815301076,1909f56bfc062723c751e8b465ee728b)  -> (artifact id: '7d85e8543cf9436b924b4165ea620755') in 0.013650 seconds
  Import took 0.016671 seconds .

========================================================================
Received Import Request.
  Time since last request: 0.000700 seconds.
  path: Assets/ProfessionalAssets/DronePack/Prefabs
  artifactKey: Guid(e7e00a68a1122d04291baf30ac70da95) Importer(815301076,1909f56bfc062723c751e8b465ee728b)
Start importing Assets/ProfessionalAssets/DronePack/Prefabs using Guid(e7e00a68a1122d04291baf30ac70da95) Importer(815301076,1909f56bfc062723c751e8b465ee728b)  -> (artifact id: '7d85e8543cf9436b924b4165ea620755') in 0.004547 seconds
  Import took 0.006862 seconds .

========================================================================
Received Import Request.
  Time since last request: 4.190562 seconds.
  path: Assets/ProfessionalAssets/DronePack/Scenes/DronePlayground [Mobile] 1.unity
  artifactKey: Guid(809bc56bdd1613b40a8bf6cc10f1e4f0) Importer(815301076,1909f56bfc062723c751e8b465ee728b)
Start importing Assets/ProfessionalAssets/DronePack/Scenes/DronePlayground [Mobile] 1.unity using Guid(809bc56bdd1613b40a8bf6cc10f1e4f0) Importer(815301076,1909f56bfc062723c751e8b465ee728b)  -> (artifact id: 'd0ade250d766eae24cfe400c8222ea64') in 0.018624 seconds
  Import took 0.021795 seconds .

========================================================================
Received Import Request.
  Time since last request: 3.058238 seconds.
  path: Assets/ProfessionalAssets/DronePack/Scripts
  artifactKey: Guid(0a28c91d3a099154483b18ddb100c589) Importer(815301076,1909f56bfc062723c751e8b465ee728b)
Start importing Assets/ProfessionalAssets/DronePack/Scripts using Guid(0a28c91d3a099154483b18ddb100c589) Importer(815301076,1909f56bfc062723c751e8b465ee728b)  -> (artifact id: '7abff58014e7ec2903056163d54ecb1b') in 0.013110 seconds
  Import took 0.015978 seconds .

========================================================================
Received Import Request.
  Time since last request: 0.001185 seconds.
  path: Assets/ProfessionalAssets/DronePack/Scripts
  artifactKey: Guid(0a28c91d3a099154483b18ddb100c589) Importer(815301076,1909f56bfc062723c751e8b465ee728b)
Start importing Assets/ProfessionalAssets/DronePack/Scripts using Guid(0a28c91d3a099154483b18ddb100c589) Importer(815301076,1909f56bfc062723c751e8b465ee728b)  -> (artifact id: '7abff58014e7ec2903056163d54ecb1b') in 0.003674 seconds
  Import took 0.006368 seconds .

========================================================================
Received Import Request.
  Time since last request: 1.271675 seconds.
  path: Assets/ProfessionalAssets/DronePack/Scripts/CameraTeleportEffect.cs
  artifactKey: Guid(405453f184b5ba647a1216a741da6711) Importer(815301076,1909f56bfc062723c751e8b465ee728b)
Start importing Assets/ProfessionalAssets/DronePack/Scripts/CameraTeleportEffect.cs using Guid(405453f184b5ba647a1216a741da6711) Importer(815301076,1909f56bfc062723c751e8b465ee728b)  -> (artifact id: '522e0f78e12e7a90559cb15f053ce621') in 0.017140 seconds
  Import took 0.022708 seconds .

========================================================================
Received Import Request.
  Time since last request: 0.001337 seconds.
  path: Assets/ProfessionalAssets/DronePack/Scripts/CameraTeleportEffect.cs
  artifactKey: Guid(405453f184b5ba647a1216a741da6711) Importer(815301076,1909f56bfc062723c751e8b465ee728b)
Start importing Assets/ProfessionalAssets/DronePack/Scripts/CameraTeleportEffect.cs using Guid(405453f184b5ba647a1216a741da6711) Importer(815301076,1909f56bfc062723c751e8b465ee728b)  -> (artifact id: '522e0f78e12e7a90559cb15f053ce621') in 0.008480 seconds
  Import took 0.011316 seconds .

========================================================================
Received Import Request.
  Time since last request: 1.263845 seconds.
  path: Assets/ProfessionalAssets/DronePack/Scripts/cmpl
  artifactKey: Guid(45d3281fe2397ad43bb9c8370ce04bbe) Importer(815301076,1909f56bfc062723c751e8b465ee728b)
Start importing Assets/ProfessionalAssets/DronePack/Scripts/cmpl using Guid(45d3281fe2397ad43bb9c8370ce04bbe) Importer(815301076,1909f56bfc062723c751e8b465ee728b)  -> (artifact id: 'fc35d8b07d80d2efe07561ef723eb195') in 0.009785 seconds
  Import took 0.012716 seconds .

========================================================================
Received Import Request.
  Time since last request: 1.307590 seconds.
  path: Assets/ProfessionalAssets/DronePack/Scripts/DroneSelection.cs
  artifactKey: Guid(64e24e201a5673849bde75c6abe2a305) Importer(815301076,1909f56bfc062723c751e8b465ee728b)
Start importing Assets/ProfessionalAssets/DronePack/Scripts/DroneSelection.cs using Guid(64e24e201a5673849bde75c6abe2a305) Importer(815301076,1909f56bfc062723c751e8b465ee728b)  -> (artifact id: 'ee42f105290fdec435974c93f7d348c4') in 0.010152 seconds
  Import took 0.012728 seconds .

========================================================================
Received Import Request.
  Time since last request: 3.798708 seconds.
  path: Assets/ProfessionalAssets/DronePack/Shaders
  artifactKey: Guid(9f21c4d8f0088e24083889940cd60468) Importer(815301076,1909f56bfc062723c751e8b465ee728b)
Start importing Assets/ProfessionalAssets/DronePack/Shaders using Guid(9f21c4d8f0088e24083889940cd60468) Importer(815301076,1909f56bfc062723c751e8b465ee728b)  -> (artifact id: '461ed5e33bdedee91e9bd3ffcb40279d') in 0.012081 seconds
  Import took 0.014453 seconds .

========================================================================
Received Import Request.
  Time since last request: 1.883996 seconds.
  path: Assets/ProfessionalAssets/DronePack/Sounds
  artifactKey: Guid(8c3fd7144b6154f4f800dce066c88b6a) Importer(815301076,1909f56bfc062723c751e8b465ee728b)
Start importing Assets/ProfessionalAssets/DronePack/Sounds using Guid(8c3fd7144b6154f4f800dce066c88b6a) Importer(815301076,1909f56bfc062723c751e8b465ee728b)  -> (artifact id: '2c9e1011d620f196154936a03b3e3999') in 0.012717 seconds
  Import took 0.015194 seconds .

========================================================================
Received Import Request.
  Time since last request: 0.001138 seconds.
  path: Assets/ProfessionalAssets/DronePack/Sounds
  artifactKey: Guid(8c3fd7144b6154f4f800dce066c88b6a) Importer(815301076,1909f56bfc062723c751e8b465ee728b)
Start importing Assets/ProfessionalAssets/DronePack/Sounds using Guid(8c3fd7144b6154f4f800dce066c88b6a) Importer(815301076,1909f56bfc062723c751e8b465ee728b)  -> (artifact id: '2c9e1011d620f196154936a03b3e3999') in 0.003229 seconds
  Import took 0.005583 seconds .

========================================================================
Received Import Request.
  Time since last request: 1.944664 seconds.
  path: Assets/ProfessionalAssets/DronePack/Textures
  artifactKey: Guid(9ca646db6af106a4ca057fafefaf6031) Importer(815301076,1909f56bfc062723c751e8b465ee728b)
Start importing Assets/ProfessionalAssets/DronePack/Textures using Guid(9ca646db6af106a4ca057fafefaf6031) Importer(815301076,1909f56bfc062723c751e8b465ee728b)  -> (artifact id: '5e54f61475a259d417d6c552162792dd') in 0.012361 seconds
  Import took 0.014706 seconds .

========================================================================
Received Import Request.
  Time since last request: 0.001264 seconds.
  path: Assets/ProfessionalAssets/DronePack/Textures
  artifactKey: Guid(9ca646db6af106a4ca057fafefaf6031) Importer(815301076,1909f56bfc062723c751e8b465ee728b)
Start importing Assets/ProfessionalAssets/DronePack/Textures using Guid(9ca646db6af106a4ca057fafefaf6031) Importer(815301076,1909f56bfc062723c751e8b465ee728b)  -> (artifact id: '5e54f61475a259d417d6c552162792dd') in 0.003509 seconds
  Import took 0.005813 seconds .

========================================================================
Received Import Request.
  Time since last request: 22.781336 seconds.
  path: Assets/ProfessionalAssets/DronePack/Scripts/Turbine.cs
  artifactKey: Guid(583a5da1f52206843b59cd65c1b976ab) Importer(815301076,1909f56bfc062723c751e8b465ee728b)
Start importing Assets/ProfessionalAssets/DronePack/Scripts/Turbine.cs using Guid(583a5da1f52206843b59cd65c1b976ab) Importer(815301076,1909f56bfc062723c751e8b465ee728b)  -> (artifact id: '527ebefcb0ffe69e66015a82401ef4d5') in 0.009766 seconds
  Import took 0.012110 seconds .

========================================================================
Received Import Request.
  Time since last request: 48.445909 seconds.
  path: Assets/ProfessionalAssets/DronePack/Materials
  artifactKey: Guid(53db1d2fa0f20e340886042fb6dc041b) Importer(815301076,1909f56bfc062723c751e8b465ee728b)
Start importing Assets/ProfessionalAssets/DronePack/Materials using Guid(53db1d2fa0f20e340886042fb6dc041b) Importer(815301076,1909f56bfc062723c751e8b465ee728b)  -> (artifact id: 'c96708412fc7d4e6c8f4fddf8beedc8a') in 0.012047 seconds
  Import took 0.015206 seconds .

========================================================================
Received Import Request.
  Time since last request: 0.000852 seconds.
  path: Assets/ProfessionalAssets/DronePack/Materials
  artifactKey: Guid(53db1d2fa0f20e340886042fb6dc041b) Importer(815301076,1909f56bfc062723c751e8b465ee728b)
Start importing Assets/ProfessionalAssets/DronePack/Materials using Guid(53db1d2fa0f20e340886042fb6dc041b) Importer(815301076,1909f56bfc062723c751e8b465ee728b)  -> (artifact id: 'c96708412fc7d4e6c8f4fddf8beedc8a') in 0.005160 seconds
  Import took 0.007415 seconds .

========================================================================
Received Import Request.
  Time since last request: 0.062653 seconds.
  path: Assets/ProfessionalAssets/DronePack/Materials/_BumbleBee [electric].mat
  artifactKey: Guid(cc64df549bc6b7d438eaf9b5d8dc7fe7) Importer(815301076,1909f56bfc062723c751e8b465ee728b)
Start importing Assets/ProfessionalAssets/DronePack/Materials/_BumbleBee [electric].mat using Guid(cc64df549bc6b7d438eaf9b5d8dc7fe7) Importer(815301076,1909f56bfc062723c751e8b465ee728b)  -> (artifact id: '93f604b956f76ab6bc15676ff54d9a68') in 0.815290 seconds
  Import took 0.853628 seconds .

========================================================================
Received Import Request.
  Time since last request: 0.000048 seconds.
  path: Assets/ProfessionalAssets/DronePack/Materials/PlatformLogos.mat
  artifactKey: Guid(f0234402026ba404b8d3ff3583473273) Importer(815301076,1909f56bfc062723c751e8b465ee728b)
Start importing Assets/ProfessionalAssets/DronePack/Materials/PlatformLogos.mat using Guid(f0234402026ba404b8d3ff3583473273) Importer(815301076,1909f56bfc062723c751e8b465ee728b)  -> (artifact id: 'f152f74b81ddc37721a69a5c302f8127') in 0.255934 seconds
  Import took 0.259618 seconds .

========================================================================
Received Import Request.
  Time since last request: 5.425833 seconds.
  path: Assets/ProfessionalAssets/DronePack/Editor/PA_DroneAxisInputEditor.cs
  artifactKey: Guid(5bd2d7e7ec0dfb84ca2512e8e4c036d8) Importer(815301076,1909f56bfc062723c751e8b465ee728b)
Start importing Assets/ProfessionalAssets/DronePack/Editor/PA_DroneAxisInputEditor.cs using Guid(5bd2d7e7ec0dfb84ca2512e8e4c036d8) Importer(815301076,1909f56bfc062723c751e8b465ee728b)  -> (artifact id: '071424e2744df6fa106d1ba73ae4d808') in 0.008516 seconds
  Import took 0.011201 seconds .

========================================================================
Received Import Request.
  Time since last request: 0.007918 seconds.
  path: Assets/ProfessionalAssets/DronePack/Editor/PA_DroneAxisInputEditor.cs
  artifactKey: Guid(5bd2d7e7ec0dfb84ca2512e8e4c036d8) Importer(815301076,1909f56bfc062723c751e8b465ee728b)
Start importing Assets/ProfessionalAssets/DronePack/Editor/PA_DroneAxisInputEditor.cs using Guid(5bd2d7e7ec0dfb84ca2512e8e4c036d8) Importer(815301076,1909f56bfc062723c751e8b465ee728b)  -> (artifact id: '071424e2744df6fa106d1ba73ae4d808') in 0.006962 seconds
  Import took 0.009550 seconds .

========================================================================
Received Import Request.
  Time since last request: 0.652483 seconds.
  path: Assets/ProfessionalAssets/DronePack/Editor/PA_DroneCameraEditor.cs
  artifactKey: Guid(0e60a5390c4ebd24eb8ce8dd0f9d2e66) Importer(815301076,1909f56bfc062723c751e8b465ee728b)
Start importing Assets/ProfessionalAssets/DronePack/Editor/PA_DroneCameraEditor.cs using Guid(0e60a5390c4ebd24eb8ce8dd0f9d2e66) Importer(815301076,1909f56bfc062723c751e8b465ee728b)  -> (artifact id: '7586dcb8b3e795ce0f4e398bfafb64d9') in 0.010673 seconds
  Import took 0.013195 seconds .

========================================================================
Received Import Request.
  Time since last request: 0.532410 seconds.
  path: Assets/ProfessionalAssets/DronePack/Editor/PA_DroneControllerEditor.cs
  artifactKey: Guid(b9f08e3ce90905c459f1f7a8d606dd19) Importer(815301076,1909f56bfc062723c751e8b465ee728b)
Start importing Assets/ProfessionalAssets/DronePack/Editor/PA_DroneControllerEditor.cs using Guid(b9f08e3ce90905c459f1f7a8d606dd19) Importer(815301076,1909f56bfc062723c751e8b465ee728b)  -> (artifact id: 'f845b577f5bdf8a717991c61272fbe8e') in 0.009936 seconds
  Import took 0.012356 seconds .

========================================================================
Received Prepare
Registering precompiled user dll's ...
Registered in 0.002612 seconds.
Begin MonoManager ReloadAssembly
Native extension for WindowsStandalone target not found
Refreshing native plugins compatible for Editor in 0.37 ms, found 0 plugins.
Preloading 0 native plugins for Editor in 0.00 ms.
Mono: successfully reloaded assembly
- Completed reload, in  0.964 seconds
Platform modules already initialized, skipping
Switching build target platform(5) subTarget(0) extendedPlatform(0) -> platform(13) subTarget(537395200) extendedPlatform(0)
Refreshing native plugins compatible for Editor in 0.37 ms, found 0 plugins.
Preloading 0 native plugins for Editor in 0.00 ms.
Unloading 1150 Unused Serialized files (Serialized files now loaded: 0)
System memory in use before: 65.0 MB.
System memory in use after: 65.0 MB.

Unloading 8 unused Assets to reduce memory usage. Loaded Objects now: 1653.
Total: 1.784252 ms (FindLiveObjects: 0.143686 ms CreateObjectMapping: 0.048206 ms MarkObjects: 1.516163 ms  DeleteObjects: 0.074331 ms)

AssetImportParameters requested are different than current active one (requested -> active):
  custom:graphics/normal-map-encoding: 01000000000000000000000000000000 -> 02000000000000000000000000000000
========================================================================
Received Import Request.
  Time since last request: 147.230029 seconds.
  path: Assets/ProfessionalAssets/DronePack/Scripts/PAVR_DroneRemote.cs
  artifactKey: Guid(9a4a645aa9708c24faf2fa8a77b36307) Importer(815301076,1909f56bfc062723c751e8b465ee728b)
Start importing Assets/ProfessionalAssets/DronePack/Scripts/PAVR_DroneRemote.cs using Guid(9a4a645aa9708c24faf2fa8a77b36307) Importer(815301076,1909f56bfc062723c751e8b465ee728b)  -> (artifact id: 'ab25b24568e604afc931a4adacff0812') in 0.012324 seconds
  Import took 0.015082 seconds .

========================================================================
Received Import Request.
  Time since last request: 1.143500 seconds.
  path: Assets/ProfessionalAssets/DronePack/Scripts/ProximityCannon.cs
  artifactKey: Guid(97ab577ea1c1c7b438b95d798f68aea0) Importer(815301076,1909f56bfc062723c751e8b465ee728b)
Start importing Assets/ProfessionalAssets/DronePack/Scripts/ProximityCannon.cs using Guid(97ab577ea1c1c7b438b95d798f68aea0) Importer(815301076,1909f56bfc062723c751e8b465ee728b)  -> (artifact id: 'ed814c1262e7a885c8f9f88ddd316eca') in 0.008908 seconds
  Import took 0.011448 seconds .

========================================================================
Received Import Request.
  Time since last request: 3.467295 seconds.
  path: Assets/ProfessionalAssets/DronePack/Scripts/SoccerGame.cs
  artifactKey: Guid(ce3ba5108e7dbe3458d58a48a22b6e85) Importer(815301076,1909f56bfc062723c751e8b465ee728b)
Start importing Assets/ProfessionalAssets/DronePack/Scripts/SoccerGame.cs using Guid(ce3ba5108e7dbe3458d58a48a22b6e85) Importer(815301076,1909f56bfc062723c751e8b465ee728b)  -> (artifact id: '669c74a7ac618090abe95e9a1ae01229') in 0.009509 seconds
  Import took 0.012069 seconds .

========================================================================
Received Import Request.
  Time since last request: 1.803100 seconds.
  path: Assets/ProfessionalAssets/DronePack/Scripts/Turnable.cs
  artifactKey: Guid(738f997139186894c9030c33443de9bc) Importer(815301076,1909f56bfc062723c751e8b465ee728b)
Start importing Assets/ProfessionalAssets/DronePack/Scripts/Turnable.cs using Guid(738f997139186894c9030c33443de9bc) Importer(815301076,1909f56bfc062723c751e8b465ee728b)  -> (artifact id: '06e212b8c6119c7859819fbf0c9c0beb') in 0.012508 seconds
  Import took 0.015220 seconds .

========================================================================
Received Import Request.
  Time since last request: 0.440550 seconds.
  path: Assets/ProfessionalAssets/DronePack/Scripts/WebGLHideMouse.cs
  artifactKey: Guid(757e86dbf35480a40925445d38645636) Importer(815301076,1909f56bfc062723c751e8b465ee728b)
Start importing Assets/ProfessionalAssets/DronePack/Scripts/WebGLHideMouse.cs using Guid(757e86dbf35480a40925445d38645636) Importer(815301076,1909f56bfc062723c751e8b465ee728b)  -> (artifact id: '3cca3531403fe7e49b656578ad0e43a0') in 0.009610 seconds
  Import took 0.012087 seconds .

========================================================================
Received Import Request.
  Time since last request: 17.931733 seconds.
  path: Assets/ProfessionalAssets/DronePack/Scripts/LevelManager.cs
  artifactKey: Guid(943deb7607c5b6945b3fd50f164dee66) Importer(815301076,1909f56bfc062723c751e8b465ee728b)
Start importing Assets/ProfessionalAssets/DronePack/Scripts/LevelManager.cs using Guid(943deb7607c5b6945b3fd50f164dee66) Importer(815301076,1909f56bfc062723c751e8b465ee728b)  -> (artifact id: 'a99f5ed8c19c9cb824e2f1f4c6af904a') in 0.009806 seconds
  Import took 0.012420 seconds .

========================================================================
Received Import Request.
  Time since last request: 4.123813 seconds.
  path: Assets/ProfessionalAssets/DronePack/Scripts/LookAt.cs
  artifactKey: Guid(29f00a2bb2717334bb83f6b12edb6d73) Importer(815301076,1909f56bfc062723c751e8b465ee728b)
Start importing Assets/ProfessionalAssets/DronePack/Scripts/LookAt.cs using Guid(29f00a2bb2717334bb83f6b12edb6d73) Importer(815301076,1909f56bfc062723c751e8b465ee728b)  -> (artifact id: 'b081659b7fbcd7ae36c514d6e827dfa8') in 0.011476 seconds
  Import took 0.016244 seconds .

========================================================================
Received Import Request.
  Time since last request: 4.043322 seconds.
  path: Assets/ProfessionalAssets/DronePack/Scripts/PA_DroneAxisInput.cs
  artifactKey: Guid(1adcff180b847b04f901beaf979a2931) Importer(815301076,1909f56bfc062723c751e8b465ee728b)
Start importing Assets/ProfessionalAssets/DronePack/Scripts/PA_DroneAxisInput.cs using Guid(1adcff180b847b04f901beaf979a2931) Importer(815301076,1909f56bfc062723c751e8b465ee728b)  -> (artifact id: '40fc0f586ec4fc923df80cbaf2604424') in 0.010179 seconds
  Import took 0.012613 seconds .

========================================================================
Received Import Request.
  Time since last request: 3.963555 seconds.
  path: Assets/ProfessionalAssets/DronePack/Scripts/PA_DroneCamera.cs
  artifactKey: Guid(ddead8d18bb044b44951720ea8eefa89) Importer(815301076,1909f56bfc062723c751e8b465ee728b)
Start importing Assets/ProfessionalAssets/DronePack/Scripts/PA_DroneCamera.cs using Guid(ddead8d18bb044b44951720ea8eefa89) Importer(815301076,1909f56bfc062723c751e8b465ee728b)  -> (artifact id: '3076ffa03e3b5ff595290997314f20bf') in 0.010462 seconds
  Import took 0.013083 seconds .

========================================================================
Received Import Request.
  Time since last request: 0.938660 seconds.
  path: Assets/ProfessionalAssets/DronePack/Scripts/PA_DroneController.cs
  artifactKey: Guid(56627653cbab45044a4e9ec69d14bf44) Importer(815301076,1909f56bfc062723c751e8b465ee728b)
Start importing Assets/ProfessionalAssets/DronePack/Scripts/PA_DroneController.cs using Guid(56627653cbab45044a4e9ec69d14bf44) Importer(815301076,1909f56bfc062723c751e8b465ee728b)  -> (artifact id: '842b2e96312b9c5086532333ac1294c6') in 0.009063 seconds
  Import took 0.011811 seconds .

========================================================================
Received Import Request.
  Time since last request: 0.371850 seconds.
  path: Assets/ProfessionalAssets/DronePack/Scripts/PA_ObjectID.cs
  artifactKey: Guid(6408444044907bf41a940503cb11b55d) Importer(815301076,1909f56bfc062723c751e8b465ee728b)
Start importing Assets/ProfessionalAssets/DronePack/Scripts/PA_ObjectID.cs using Guid(6408444044907bf41a940503cb11b55d) Importer(815301076,1909f56bfc062723c751e8b465ee728b)  -> (artifact id: '26499a021707d4fc81c0a19b7d54cb24') in 0.009168 seconds
  Import took 0.011707 seconds .

========================================================================
Received Import Request.
  Time since last request: 25.225951 seconds.
  path: Assets/DogKnight/Scene/Scene01.unity
  artifactKey: Guid(f289dc5ef7a55d44b83125c0b2415ed4) Importer(815301076,1909f56bfc062723c751e8b465ee728b)
Start importing Assets/DogKnight/Scene/Scene01.unity using Guid(f289dc5ef7a55d44b83125c0b2415ed4) Importer(815301076,1909f56bfc062723c751e8b465ee728b)  -> (artifact id: '24f19d4fbd7b00ea2d0ae60415e09d7b') in 0.024309 seconds
  Import took 0.026859 seconds .

========================================================================
Received Import Request.
  Time since last request: 14.255299 seconds.
  path: Assets/FourEvilDragonsHP/Scene/MainScene.unity
  artifactKey: Guid(9977fdcc82a19de47b35835c45b8deb1) Importer(815301076,1909f56bfc062723c751e8b465ee728b)
Start importing Assets/FourEvilDragonsHP/Scene/MainScene.unity using Guid(9977fdcc82a19de47b35835c45b8deb1) Importer(815301076,1909f56bfc062723c751e8b465ee728b)  -> (artifact id: '5b9faad2607a8379404c359d26eda847') in 0.011859 seconds
  Import took 0.015084 seconds .

========================================================================
Received Prepare
Registering precompiled user dll's ...
Registered in 0.002994 seconds.
Begin MonoManager ReloadAssembly
Native extension for WindowsStandalone target not found
Refreshing native plugins compatible for Editor in 0.52 ms, found 0 plugins.
Preloading 0 native plugins for Editor in 0.00 ms.
Mono: successfully reloaded assembly
- Completed reload, in  0.999 seconds
Platform modules already initialized, skipping
Switching build target platform(5) subTarget(0) extendedPlatform(0) -> platform(13) subTarget(537395200) extendedPlatform(0)
Refreshing native plugins compatible for Editor in 0.47 ms, found 0 plugins.
Preloading 0 native plugins for Editor in 0.00 ms.
Unloading 1139 Unused Serialized files (Serialized files now loaded: 0)
System memory in use before: 64.8 MB.
System memory in use after: 64.8 MB.

Unloading 19 unused Assets to reduce memory usage. Loaded Objects now: 1645.
Total: 1.971790 ms (FindLiveObjects: 0.180385 ms CreateObjectMapping: 0.047895 ms MarkObjects: 1.653629 ms  DeleteObjects: 0.088326 ms)

AssetImportParameters requested are different than current active one (requested -> active):
  custom:graphics/normal-map-encoding: 01000000000000000000000000000000 -> 02000000000000000000000000000000
========================================================================
Received Prepare
Registering precompiled user dll's ...
Registered in 0.002633 seconds.
Begin MonoManager ReloadAssembly
Native extension for WindowsStandalone target not found
Refreshing native plugins compatible for Editor in 0.37 ms, found 0 plugins.
Preloading 0 native plugins for Editor in 0.00 ms.
Mono: successfully reloaded assembly
- Completed reload, in  1.027 seconds
Platform modules already initialized, skipping
Switching build target platform(5) subTarget(0) extendedPlatform(0) -> platform(13) subTarget(537395200) extendedPlatform(0)
Refreshing native plugins compatible for Editor in 0.38 ms, found 0 plugins.
Preloading 0 native plugins for Editor in 0.00 ms.
Unloading 1139 Unused Serialized files (Serialized files now loaded: 0)
System memory in use before: 64.8 MB.
System memory in use after: 64.8 MB.

Unloading 8 unused Assets to reduce memory usage. Loaded Objects now: 1648.
Total: 1.909277 ms (FindLiveObjects: 0.138398 ms CreateObjectMapping: 0.046651 ms MarkObjects: 1.640255 ms  DeleteObjects: 0.082417 ms)

AssetImportParameters requested are different than current active one (requested -> active):
  custom:graphics/normal-map-encoding: 01000000000000000000000000000000 -> 02000000000000000000000000000000
========================================================================
Received Prepare
Registering precompiled user dll's ...
Registered in 0.004455 seconds.
Begin MonoManager ReloadAssembly
Native extension for WindowsStandalone target not found
Refreshing native plugins compatible for Editor in 0.40 ms, found 0 plugins.
Preloading 0 native plugins for Editor in 0.00 ms.
Mono: successfully reloaded assembly
- Completed reload, in  2.058 seconds
Platform modules already initialized, skipping
Switching build target platform(5) subTarget(0) extendedPlatform(0) -> platform(13) subTarget(537395200) extendedPlatform(0)
Refreshing native plugins compatible for Editor in 1.42 ms, found 0 plugins.
Preloading 0 native plugins for Editor in 0.00 ms.
Unloading 1139 Unused Serialized files (Serialized files now loaded: 0)
System memory in use before: 64.8 MB.
System memory in use after: 64.8 MB.

Unloading 8 unused Assets to reduce memory usage. Loaded Objects now: 1651.
Total: 3.731161 ms (FindLiveObjects: 0.320027 ms CreateObjectMapping: 0.141820 ms MarkObjects: 3.137758 ms  DeleteObjects: 0.129690 ms)

AssetImportParameters requested are different than current active one (requested -> active):
  custom:graphics/normal-map-encoding: 01000000000000000000000000000000 -> 02000000000000000000000000000000
========================================================================
Received Prepare
Registering precompiled user dll's ...
Registered in 0.002966 seconds.
Begin MonoManager ReloadAssembly
Native extension for WindowsStandalone target not found
Refreshing native plugins compatible for Editor in 0.41 ms, found 0 plugins.
Preloading 0 native plugins for Editor in 0.00 ms.
Mono: successfully reloaded assembly
- Completed reload, in  1.312 seconds
Platform modules already initialized, skipping
Switching build target platform(5) subTarget(0) extendedPlatform(0) -> platform(13) subTarget(537395200) extendedPlatform(0)
Refreshing native plugins compatible for Editor in 0.37 ms, found 0 plugins.
Preloading 0 native plugins for Editor in 0.00 ms.
Unloading 1139 Unused Serialized files (Serialized files now loaded: 0)
System memory in use before: 64.8 MB.
System memory in use after: 64.8 MB.

Unloading 8 unused Assets to reduce memory usage. Loaded Objects now: 1654.
Total: 1.822817 ms (FindLiveObjects: 0.147418 ms CreateObjectMapping: 0.046651 ms MarkObjects: 1.545709 ms  DeleteObjects: 0.081173 ms)

AssetImportParameters requested are different than current active one (requested -> active):
  custom:graphics/normal-map-encoding: 01000000000000000000000000000000 -> 02000000000000000000000000000000
========================================================================
Received Import Request.
  Time since last request: 556.565693 seconds.
  path: Assets/FourEvilDragonsHP/Mesh/DragonSoulEaterMesh.fbx
  artifactKey: Guid(063e65bf9ea59ea44bb459f4b7490fd3) Importer(815301076,1909f56bfc062723c751e8b465ee728b)
Start importing Assets/FourEvilDragonsHP/Mesh/DragonSoulEaterMesh.fbx using Guid(063e65bf9ea59ea44bb459f4b7490fd3) Importer(815301076,1909f56bfc062723c751e8b465ee728b)  -> (artifact id: '90c3e10a81bdf88375b94c8d1d5e321a') in 0.279277 seconds
  Import took 0.282630 seconds .

========================================================================
Received Import Request.
  Time since last request: 0.000242 seconds.
  path: Assets/FourEvilDragonsHP/Mesh/DragonUsurperMesh.fbx
  artifactKey: Guid(79b50b34e44b5fd4db1cdc9535a3c86b) Importer(815301076,1909f56bfc062723c751e8b465ee728b)
Start importing Assets/FourEvilDragonsHP/Mesh/DragonUsurperMesh.fbx using Guid(79b50b34e44b5fd4db1cdc9535a3c86b) Importer(815301076,1909f56bfc062723c751e8b465ee728b)  -> (artifact id: 'fbdd7511adb4b47128ac639b7b25690e') in 0.052345 seconds
  Import took 0.054940 seconds .

========================================================================
Received Import Request.
  Time since last request: 0.000188 seconds.
  path: Assets/FourEvilDragonsHP/Mesh/DragonTheNightmareMesh.fbx
  artifactKey: Guid(2f4e6492f506bbb4a8aeba850e3bb52f) Importer(815301076,1909f56bfc062723c751e8b465ee728b)
Start importing Assets/FourEvilDragonsHP/Mesh/DragonTheNightmareMesh.fbx using Guid(2f4e6492f506bbb4a8aeba850e3bb52f) Importer(815301076,1909f56bfc062723c751e8b465ee728b)  -> (artifact id: '8e115dace04ab5c5dd530b5fd981cb4e') in 0.047687 seconds
  Import took 0.050209 seconds .

========================================================================
Received Import Request.
  Time since last request: 0.000189 seconds.
  path: Assets/FourEvilDragonsHP/Mesh/Stage.fbx
  artifactKey: Guid(2897399b8106c274f9e41904f19945b0) Importer(815301076,1909f56bfc062723c751e8b465ee728b)
Start importing Assets/FourEvilDragonsHP/Mesh/Stage.fbx using Guid(2897399b8106c274f9e41904f19945b0) Importer(815301076,1909f56bfc062723c751e8b465ee728b)  -> (artifact id: 'c909910fdcf653b02171b089878b2e44') in 0.030536 seconds
  Import took 0.032801 seconds .

========================================================================
Received Import Request.
  Time since last request: 0.000191 seconds.
  path: Assets/FourEvilDragonsHP/Mesh/DragonTerrorBringerMesh.fbx
  artifactKey: Guid(3fa06637f7751b44b8e63a9964b181a6) Importer(815301076,1909f56bfc062723c751e8b465ee728b)
Start importing Assets/FourEvilDragonsHP/Mesh/DragonTerrorBringerMesh.fbx using Guid(3fa06637f7751b44b8e63a9964b181a6) Importer(815301076,1909f56bfc062723c751e8b465ee728b)  -> (artifact id: '1a444a9cc42b5ce6d3dd2ef169323d65') in 0.042016 seconds
  Import took 0.044508 seconds .

========================================================================
Received Import Request.
  Time since last request: 29.563756 seconds.
  path: Assets/FourEvilDragonsHP/Scene/TerrorBringerScene.unity
  artifactKey: Guid(abd974e8f4002d14994cb4d1bfce6443) Importer(815301076,1909f56bfc062723c751e8b465ee728b)
Start importing Assets/FourEvilDragonsHP/Scene/TerrorBringerScene.unity using Guid(abd974e8f4002d14994cb4d1bfce6443) Importer(815301076,1909f56bfc062723c751e8b465ee728b)  -> (artifact id: '982a9de2f4079005139612590103b410') in 0.015391 seconds
  Import took 0.018973 seconds .

========================================================================
Received Import Request.
  Time since last request: 0.843686 seconds.
  path: Assets/FourEvilDragonsHP/Scene/NightmareScene.unity
  artifactKey: Guid(d8ee4eabfc0eb374abb799a03c54b457) Importer(815301076,1909f56bfc062723c751e8b465ee728b)
Start importing Assets/FourEvilDragonsHP/Scene/NightmareScene.unity using Guid(d8ee4eabfc0eb374abb799a03c54b457) Importer(815301076,1909f56bfc062723c751e8b465ee728b)  -> (artifact id: 'edafa8c255ea229e8e5fbe09016e243d') in 0.018105 seconds
  Import took 0.021554 seconds .

========================================================================
Received Import Request.
  Time since last request: 3.266809 seconds.
  path: Assets/FourEvilDragonsHP/Scene/SoulEaterScene.unity
  artifactKey: Guid(5b7a5d45cc6bc794e84740c25259b3c5) Importer(815301076,1909f56bfc062723c751e8b465ee728b)
Start importing Assets/FourEvilDragonsHP/Scene/SoulEaterScene.unity using Guid(5b7a5d45cc6bc794e84740c25259b3c5) Importer(815301076,1909f56bfc062723c751e8b465ee728b)  -> (artifact id: '87a78d4481dce3275523033681b2b92f') in 0.019058 seconds
  Import took 0.021881 seconds .

========================================================================
Received Import Request.
  Time since last request: 2.357231 seconds.
  path: Assets/FourEvilDragonsHP/Scene/UsurperScene.unity
  artifactKey: Guid(cba58fffeb4be854491c94a10cb5f486) Importer(815301076,1909f56bfc062723c751e8b465ee728b)
Start importing Assets/FourEvilDragonsHP/Scene/UsurperScene.unity using Guid(cba58fffeb4be854491c94a10cb5f486) Importer(815301076,1909f56bfc062723c751e8b465ee728b)  -> (artifact id: '0768809456b91af082289a1badd29399') in 0.012435 seconds
  Import took 0.017838 seconds .

========================================================================
Received Import Request.
  Time since last request: 2.690946 seconds.
  path: Assets/FourEvilDragonsHP/Texture/DragonSoulEater
  artifactKey: Guid(021d55eb71a00ef4e9457bc057db0744) Importer(815301076,1909f56bfc062723c751e8b465ee728b)
Start importing Assets/FourEvilDragonsHP/Texture/DragonSoulEater using Guid(021d55eb71a00ef4e9457bc057db0744) Importer(815301076,1909f56bfc062723c751e8b465ee728b)  -> (artifact id: '8e48455717329bbfade4f680faf20307') in 0.016525 seconds
  Import took 0.019489 seconds .

========================================================================
Received Import Request.
  Time since last request: 0.000312 seconds.
  path: Assets/FourEvilDragonsHP/Texture/DragonSoulEater
  artifactKey: Guid(021d55eb71a00ef4e9457bc057db0744) Importer(815301076,1909f56bfc062723c751e8b465ee728b)
Start importing Assets/FourEvilDragonsHP/Texture/DragonSoulEater using Guid(021d55eb71a00ef4e9457bc057db0744) Importer(815301076,1909f56bfc062723c751e8b465ee728b)  -> (artifact id: '8e48455717329bbfade4f680faf20307') in 0.008657 seconds
  Import took 0.011679 seconds .

========================================================================
Received Import Request.
  Time since last request: 3.007069 seconds.
  path: Assets/FourEvilDragonsHP/Prefab/DragonSoulEater
  artifactKey: Guid(8d080fb65bf4b9d4b890aefb0b412a51) Importer(815301076,1909f56bfc062723c751e8b465ee728b)
Start importing Assets/FourEvilDragonsHP/Prefab/DragonSoulEater using Guid(8d080fb65bf4b9d4b890aefb0b412a51) Importer(815301076,1909f56bfc062723c751e8b465ee728b)  -> (artifact id: '360223560babdf9fc1156f5fcdf162f6') in 0.007898 seconds
  Import took 0.012448 seconds .

========================================================================
Received Import Request.
  Time since last request: 0.075708 seconds.
  path: Assets/FourEvilDragonsHP/Prefab/DragonSoulEater/Blue.prefab
  artifactKey: Guid(c644a2181ac22e740968a7ece97e8f36) Importer(815301076,1909f56bfc062723c751e8b465ee728b)
Start importing Assets/FourEvilDragonsHP/Prefab/DragonSoulEater/Blue.prefab using Guid(c644a2181ac22e740968a7ece97e8f36) Importer(815301076,1909f56bfc062723c751e8b465ee728b)  -> (artifact id: 'cc450b47e4fcd604f3c1bc92f24069e4') in 0.250373 seconds
  Import took 0.254845 seconds .

========================================================================
Received Import Request.
  Time since last request: 0.000216 seconds.
  path: Assets/FourEvilDragonsHP/Prefab/DragonSoulEater/Green.prefab
  artifactKey: Guid(88e480c990c9d6a458b5fc85fe1da2aa) Importer(815301076,1909f56bfc062723c751e8b465ee728b)
Start importing Assets/FourEvilDragonsHP/Prefab/DragonSoulEater/Green.prefab using Guid(88e480c990c9d6a458b5fc85fe1da2aa) Importer(815301076,1909f56bfc062723c751e8b465ee728b)  -> (artifact id: '76169aecc37a601d1fb2c7ddcef5f58e') in 0.135020 seconds
  Import took 0.139685 seconds .

========================================================================
Received Import Request.
  Time since last request: 0.000054 seconds.
  path: Assets/FourEvilDragonsHP/Prefab/DragonSoulEater/Red.prefab
  artifactKey: Guid(70f277dcf2cdfdd4db7ee0ca76e07767) Importer(815301076,1909f56bfc062723c751e8b465ee728b)
Start importing Assets/FourEvilDragonsHP/Prefab/DragonSoulEater/Red.prefab using Guid(70f277dcf2cdfdd4db7ee0ca76e07767) Importer(815301076,1909f56bfc062723c751e8b465ee728b)  -> (artifact id: 'aa24c72293364ff4f80bc9c1448fd5c6') in 0.135677 seconds
  Import took 0.140809 seconds .

========================================================================
Received Import Request.
  Time since last request: 0.000213 seconds.
  path: Assets/FourEvilDragonsHP/Prefab/DragonSoulEater/Grey.prefab
  artifactKey: Guid(36c38a65d57de7d4a9a582f9ee857701) Importer(815301076,1909f56bfc062723c751e8b465ee728b)
Start importing Assets/FourEvilDragonsHP/Prefab/DragonSoulEater/Grey.prefab using Guid(36c38a65d57de7d4a9a582f9ee857701) Importer(815301076,1909f56bfc062723c751e8b465ee728b)  -> (artifact id: '00ca5652a2d72ec80c32a31e71ec6938') in 0.177159 seconds
  Import took 0.181679 seconds .

========================================================================
Received Prepare
Registering precompiled user dll's ...
Registered in 0.002438 seconds.
Begin MonoManager ReloadAssembly
Native extension for WindowsStandalone target not found
Refreshing native plugins compatible for Editor in 0.40 ms, found 0 plugins.
Preloading 0 native plugins for Editor in 0.00 ms.
Mono: successfully reloaded assembly
- Completed reload, in  1.010 seconds
Platform modules already initialized, skipping
Switching build target platform(5) subTarget(0) extendedPlatform(0) -> platform(13) subTarget(537395200) extendedPlatform(0)
Refreshing native plugins compatible for Editor in 0.39 ms, found 0 plugins.
Preloading 0 native plugins for Editor in 0.00 ms.
Unloading 1139 Unused Serialized files (Serialized files now loaded: 0)
System memory in use before: 78.6 MB.
System memory in use after: 78.7 MB.

Unloading 9 unused Assets to reduce memory usage. Loaded Objects now: 1662.
Total: 1.981431 ms (FindLiveObjects: 0.162346 ms CreateObjectMapping: 0.048206 ms MarkObjects: 1.689395 ms  DeleteObjects: 0.079929 ms)

AssetImportParameters requested are different than current active one (requested -> active):
  custom:graphics/normal-map-encoding: 01000000000000000000000000000000 -> 02000000000000000000000000000000
========================================================================
Received Prepare
Registering precompiled user dll's ...
Registered in 0.002703 seconds.
Begin MonoManager ReloadAssembly
Native extension for WindowsStandalone target not found
Refreshing native plugins compatible for Editor in 0.38 ms, found 0 plugins.
Preloading 0 native plugins for Editor in 0.00 ms.
Mono: successfully reloaded assembly
- Completed reload, in  1.315 seconds
Platform modules already initialized, skipping
Switching build target platform(5) subTarget(0) extendedPlatform(0) -> platform(13) subTarget(537395200) extendedPlatform(0)
Refreshing native plugins compatible for Editor in 1.24 ms, found 0 plugins.
Preloading 0 native plugins for Editor in 0.00 ms.
Unloading 1139 Unused Serialized files (Serialized files now loaded: 0)
System memory in use before: 78.6 MB.
System memory in use after: 78.7 MB.

Unloading 8 unused Assets to reduce memory usage. Loaded Objects now: 1665.
Total: 1.800735 ms (FindLiveObjects: 0.150217 ms CreateObjectMapping: 0.046962 ms MarkObjects: 1.529848 ms  DeleteObjects: 0.071843 ms)

AssetImportParameters requested are different than current active one (requested -> active):
  custom:graphics/normal-map-encoding: 01000000000000000000000000000000 -> 02000000000000000000000000000000
========================================================================
Received Import Request.
  Time since last request: 227.653019 seconds.
  path: Assets/FourEvilDragonsHP/Animations/DragonSoulEater
  artifactKey: Guid(b808734d0de92764da94ef754997ba91) Importer(815301076,1909f56bfc062723c751e8b465ee728b)
Start importing Assets/FourEvilDragonsHP/Animations/DragonSoulEater using Guid(b808734d0de92764da94ef754997ba91) Importer(815301076,1909f56bfc062723c751e8b465ee728b)  -> (artifact id: '73756621bbcb59b3d28525a2bdc0111b') in 0.007028 seconds
  Import took 0.009555 seconds .

========================================================================
Received Import Request.
  Time since last request: 0.005816 seconds.
  path: Assets/FourEvilDragonsHP/Animations/DragonSoulEater
  artifactKey: Guid(b808734d0de92764da94ef754997ba91) Importer(815301076,1909f56bfc062723c751e8b465ee728b)
Start importing Assets/FourEvilDragonsHP/Animations/DragonSoulEater using Guid(b808734d0de92764da94ef754997ba91) Importer(815301076,1909f56bfc062723c751e8b465ee728b)  -> (artifact id: '73756621bbcb59b3d28525a2bdc0111b') in 0.011351 seconds
  Import took 0.013938 seconds .

========================================================================
Received Import Request.
  Time since last request: 0.070854 seconds.
  path: Assets/FourEvilDragonsHP/Animations/DragonSoulEater/Basic Attack.fbx
  artifactKey: Guid(5d9efb65c776b714fb5123711f07de0c) Importer(815301076,1909f56bfc062723c751e8b465ee728b)
Start importing Assets/FourEvilDragonsHP/Animations/DragonSoulEater/Basic Attack.fbx using Guid(5d9efb65c776b714fb5123711f07de0c) Importer(815301076,1909f56bfc062723c751e8b465ee728b)  -> (artifact id: '55d4735a039dfc631c115c14bba7006b') in 0.167516 seconds
  Import took 0.170693 seconds .

========================================================================
Received Import Request.
  Time since last request: 0.000197 seconds.
  path: Assets/FourEvilDragonsHP/Animations/DragonSoulEater/Idle.fbx
  artifactKey: Guid(53822ae0b4a40a24b97e0cf0388e4248) Importer(815301076,1909f56bfc062723c751e8b465ee728b)
Start importing Assets/FourEvilDragonsHP/Animations/DragonSoulEater/Idle.fbx using Guid(53822ae0b4a40a24b97e0cf0388e4248) Importer(815301076,1909f56bfc062723c751e8b465ee728b)  -> (artifact id: '0db59a64b5879bd275c5c25bc47b2f13') in 0.101645 seconds
  Import took 0.104499 seconds .

========================================================================
Received Import Request.
  Time since last request: 0.000248 seconds.
  path: Assets/FourEvilDragonsHP/Animations/DragonSoulEater/Fly Forward.fbx
  artifactKey: Guid(5fa09084d33ac9046a4a22372e78213e) Importer(815301076,1909f56bfc062723c751e8b465ee728b)
Start importing Assets/FourEvilDragonsHP/Animations/DragonSoulEater/Fly Forward.fbx using Guid(5fa09084d33ac9046a4a22372e78213e) Importer(815301076,1909f56bfc062723c751e8b465ee728b)  -> (artifact id: '308a862fd63bee9d2f49c4b1905882a4') in 0.064738 seconds
  Import took 0.067862 seconds .

========================================================================
Received Import Request.
  Time since last request: 0.000180 seconds.
  path: Assets/FourEvilDragonsHP/Animations/DragonSoulEater/Sleeping.fbx
  artifactKey: Guid(0b0985d8d75993d4ba1c094379da358c) Importer(815301076,1909f56bfc062723c751e8b465ee728b)
Start importing Assets/FourEvilDragonsHP/Animations/DragonSoulEater/Sleeping.fbx using Guid(0b0985d8d75993d4ba1c094379da358c) Importer(815301076,1909f56bfc062723c751e8b465ee728b)  -> (artifact id: '0b653c325d8eba3aeb81da56eb54a045') in 0.065257 seconds
  Import took 0.067872 seconds .

========================================================================
Received Import Request.
  Time since last request: 0.000179 seconds.
  path: Assets/FourEvilDragonsHP/Animations/DragonSoulEater/Fly Float.fbx
  artifactKey: Guid(e02bdaca3b0c3284ab993c4eba862036) Importer(815301076,1909f56bfc062723c751e8b465ee728b)
Start importing Assets/FourEvilDragonsHP/Animations/DragonSoulEater/Fly Float.fbx using Guid(e02bdaca3b0c3284ab993c4eba862036) Importer(815301076,1909f56bfc062723c751e8b465ee728b)  -> (artifact id: 'a156b4416f3cdc35f605d7f2d28973a1') in 0.063180 seconds
  Import took 0.065746 seconds .

========================================================================
Received Import Request.
  Time since last request: 0.000167 seconds.
  path: Assets/FourEvilDragonsHP/Animations/DragonSoulEater/Get Hit.fbx
  artifactKey: Guid(34cbf41484d0da24e9a24545c9d5a332) Importer(815301076,1909f56bfc062723c751e8b465ee728b)
Start importing Assets/FourEvilDragonsHP/Animations/DragonSoulEater/Get Hit.fbx using Guid(34cbf41484d0da24e9a24545c9d5a332) Importer(815301076,1909f56bfc062723c751e8b465ee728b)  -> (artifact id: '622c386adc5a4c3f76394d7eeca9294b') in 0.054870 seconds
  Import took 0.057499 seconds .

========================================================================
Received Import Request.
  Time since last request: 0.000164 seconds.
  path: Assets/FourEvilDragonsHP/Animations/DragonSoulEater/Fly Glide.fbx
  artifactKey: Guid(28a39de94def6c84ca4b447fa78a3a66) Importer(815301076,1909f56bfc062723c751e8b465ee728b)
Start importing Assets/FourEvilDragonsHP/Animations/DragonSoulEater/Fly Glide.fbx using Guid(28a39de94def6c84ca4b447fa78a3a66) Importer(815301076,1909f56bfc062723c751e8b465ee728b)  -> (artifact id: '274b4522a193c19c185765b95da1ebba') in 0.056173 seconds
  Import took 0.058861 seconds .

========================================================================
Received Import Request.
  Time since last request: 0.000174 seconds.
  path: Assets/FourEvilDragonsHP/Animations/DragonSoulEater/Scream.fbx
  artifactKey: Guid(8b0b248c4105fd841aad612f61769ae9) Importer(815301076,1909f56bfc062723c751e8b465ee728b)
Start importing Assets/FourEvilDragonsHP/Animations/DragonSoulEater/Scream.fbx using Guid(8b0b248c4105fd841aad612f61769ae9) Importer(815301076,1909f56bfc062723c751e8b465ee728b)  -> (artifact id: '65c71aabf53b8726445db73b4fb14e3e') in 0.072538 seconds
  Import took 0.075278 seconds .

========================================================================
Received Import Request.
  Time since last request: 0.000184 seconds.
  path: Assets/FourEvilDragonsHP/Animations/DragonSoulEater/Run.fbx
  artifactKey: Guid(93048e03d4dc597468fce555d02e9274) Importer(815301076,1909f56bfc062723c751e8b465ee728b)
Start importing Assets/FourEvilDragonsHP/Animations/DragonSoulEater/Run.fbx using Guid(93048e03d4dc597468fce555d02e9274) Importer(815301076,1909f56bfc062723c751e8b465ee728b)  -> (artifact id: '1449a7961383803bfd086286d501af1a') in 0.063423 seconds
  Import took 0.066079 seconds .

========================================================================
Received Import Request.
  Time since last request: 0.000174 seconds.
  path: Assets/FourEvilDragonsHP/Animations/DragonSoulEater/Fireball Shoot.fbx
  artifactKey: Guid(6e4f9ef5485ccb04299f52ceae24d120) Importer(815301076,1909f56bfc062723c751e8b465ee728b)
Start importing Assets/FourEvilDragonsHP/Animations/DragonSoulEater/Fireball Shoot.fbx using Guid(6e4f9ef5485ccb04299f52ceae24d120) Importer(815301076,1909f56bfc062723c751e8b465ee728b)  -> (artifact id: 'b387ac2121322fdbbf0888345b7a73a9') in 0.109405 seconds
  Import took 0.112129 seconds .

========================================================================
Received Import Request.
  Time since last request: 0.000226 seconds.
  path: Assets/FourEvilDragonsHP/Animations/DragonSoulEater/Tail Attack.fbx
  artifactKey: Guid(1e32448c0eb5bdb45b3a576fb8011df0) Importer(815301076,1909f56bfc062723c751e8b465ee728b)
Start importing Assets/FourEvilDragonsHP/Animations/DragonSoulEater/Tail Attack.fbx using Guid(1e32448c0eb5bdb45b3a576fb8011df0) Importer(815301076,1909f56bfc062723c751e8b465ee728b)  -> (artifact id: '1ca21987e8902d77ea131d85de661935') in 0.147184 seconds
  Import took 0.149961 seconds .

========================================================================
Received Import Request.
  Time since last request: 0.000211 seconds.
  path: Assets/FourEvilDragonsHP/Animations/DragonSoulEater/Land.fbx
  artifactKey: Guid(9b846aa063f67a34b80cef9a15befe38) Importer(815301076,1909f56bfc062723c751e8b465ee728b)
Start importing Assets/FourEvilDragonsHP/Animations/DragonSoulEater/Land.fbx using Guid(9b846aa063f67a34b80cef9a15befe38) Importer(815301076,1909f56bfc062723c751e8b465ee728b)  -> (artifact id: '67161011ac1c371ec693411f67c82b47') in 0.091062 seconds
  Import took 0.094584 seconds .

========================================================================
Received Import Request.
  Time since last request: 0.000304 seconds.
  path: Assets/FourEvilDragonsHP/Animations/DragonSoulEater/Die.fbx
  artifactKey: Guid(6f83b9d81f8c7854baeca6ff691bb0c1) Importer(815301076,1909f56bfc062723c751e8b465ee728b)
Start importing Assets/FourEvilDragonsHP/Animations/DragonSoulEater/Die.fbx using Guid(6f83b9d81f8c7854baeca6ff691bb0c1) Importer(815301076,1909f56bfc062723c751e8b465ee728b)  -> (artifact id: 'd9fde67580105733de6d5e38dabf740d') in 0.069618 seconds
  Import took 0.072684 seconds .

========================================================================
Received Import Request.
  Time since last request: 0.000185 seconds.
  path: Assets/FourEvilDragonsHP/Animations/DragonSoulEater/Defend.fbx
  artifactKey: Guid(e0b6d06a8887b3641a0608659230e121) Importer(815301076,1909f56bfc062723c751e8b465ee728b)
Start importing Assets/FourEvilDragonsHP/Animations/DragonSoulEater/Defend.fbx using Guid(e0b6d06a8887b3641a0608659230e121) Importer(815301076,1909f56bfc062723c751e8b465ee728b)  -> (artifact id: '94b758d50825cee38c26417318749fdc') in 0.084814 seconds
  Import took 0.087539 seconds .

========================================================================
Received Import Request.
  Time since last request: 0.000188 seconds.
  path: Assets/FourEvilDragonsHP/Animations/DragonSoulEater/Fly Fireball Shoot.fbx
  artifactKey: Guid(37760f0079ba2124cb0198d37570b625) Importer(815301076,1909f56bfc062723c751e8b465ee728b)
Start importing Assets/FourEvilDragonsHP/Animations/DragonSoulEater/Fly Fireball Shoot.fbx using Guid(37760f0079ba2124cb0198d37570b625) Importer(815301076,1909f56bfc062723c751e8b465ee728b)  -> (artifact id: '553488bdf9251b761a646de328a7b712') in 0.060334 seconds
  Import took 0.062931 seconds .

========================================================================
Received Import Request.
  Time since last request: 0.000178 seconds.
  path: Assets/FourEvilDragonsHP/Animations/DragonSoulEater/Walk.fbx
  artifactKey: Guid(555c2f8b240202a4c8f3c3f412587e5a) Importer(815301076,1909f56bfc062723c751e8b465ee728b)
Start importing Assets/FourEvilDragonsHP/Animations/DragonSoulEater/Walk.fbx using Guid(555c2f8b240202a4c8f3c3f412587e5a) Importer(815301076,1909f56bfc062723c751e8b465ee728b)  -> (artifact id: '4bd5d24ed15766cced5a58ea206b975d') in 0.061119 seconds
  Import took 0.063920 seconds .

========================================================================
Received Import Request.
  Time since last request: 0.000193 seconds.
  path: Assets/FourEvilDragonsHP/Animations/DragonSoulEater/Take Off.fbx
  artifactKey: Guid(24717e004c7ffb84a901d2dfdcc426bf) Importer(815301076,1909f56bfc062723c751e8b465ee728b)
Start importing Assets/FourEvilDragonsHP/Animations/DragonSoulEater/Take Off.fbx using Guid(24717e004c7ffb84a901d2dfdcc426bf) Importer(815301076,1909f56bfc062723c751e8b465ee728b)  -> (artifact id: '7f0c8fbf95eb1cb8fc0b4307db32149b') in 0.063105 seconds
  Import took 0.066015 seconds .

========================================================================
Received Import Request.
  Time since last request: 0.640331 seconds.
  path: Assets/FourEvilDragonsHP/Animations/DragonNightMare/Basic Attack.fbx
  artifactKey: Guid(f882585276163954fbc547e18dea9d6b) Importer(815301076,1909f56bfc062723c751e8b465ee728b)
Start importing Assets/FourEvilDragonsHP/Animations/DragonNightMare/Basic Attack.fbx using Guid(f882585276163954fbc547e18dea9d6b) Importer(815301076,1909f56bfc062723c751e8b465ee728b)  -> (artifact id: '9cb5adc52c543557f3cc1c107ac3d284') in 0.041530 seconds
  Import took 0.044715 seconds .

========================================================================
Received Import Request.
  Time since last request: 0.000264 seconds.
  path: Assets/FourEvilDragonsHP/Animations/DragonNightMare/Sleep.fbx
  artifactKey: Guid(5cfe5b96be26d60478f7a5749d947a62) Importer(815301076,1909f56bfc062723c751e8b465ee728b)
Start importing Assets/FourEvilDragonsHP/Animations/DragonNightMare/Sleep.fbx using Guid(5cfe5b96be26d60478f7a5749d947a62) Importer(815301076,1909f56bfc062723c751e8b465ee728b)  -> (artifact id: '22ba4a3c54e2bc9a31abd7504203fbff') in 0.054164 seconds
  Import took 0.056927 seconds .

========================================================================
Received Import Request.
  Time since last request: 0.000204 seconds.
  path: Assets/FourEvilDragonsHP/Animations/DragonNightMare/defend.fbx
  artifactKey: Guid(b97d7fae708615b4bab97d3197b11bf9) Importer(815301076,1909f56bfc062723c751e8b465ee728b)
Start importing Assets/FourEvilDragonsHP/Animations/DragonNightMare/defend.fbx using Guid(b97d7fae708615b4bab97d3197b11bf9) Importer(815301076,1909f56bfc062723c751e8b465ee728b)  -> (artifact id: '8c6b217d473ac57db53348bcfefe32f7') in 0.053134 seconds
  Import took 0.055856 seconds .

========================================================================
Received Import Request.
  Time since last request: 0.000206 seconds.
  path: Assets/FourEvilDragonsHP/Animations/DragonNightMare/getHit.fbx
  artifactKey: Guid(a640f611148020047b485abcfdbb49cf) Importer(815301076,1909f56bfc062723c751e8b465ee728b)
Start importing Assets/FourEvilDragonsHP/Animations/DragonNightMare/getHit.fbx using Guid(a640f611148020047b485abcfdbb49cf) Importer(815301076,1909f56bfc062723c751e8b465ee728b)  -> (artifact id: '45d0f6e527ac665ed8aeee983ee04038') in 0.059009 seconds
  Import took 0.061538 seconds .

========================================================================
Received Import Request.
  Time since last request: 0.000175 seconds.
  path: Assets/FourEvilDragonsHP/Animations/DragonNightMare/idle02.fbx
  artifactKey: Guid(9d21fa939f154f147ac659d23465c4ed) Importer(815301076,1909f56bfc062723c751e8b465ee728b)
Start importing Assets/FourEvilDragonsHP/Animations/DragonNightMare/idle02.fbx using Guid(9d21fa939f154f147ac659d23465c4ed) Importer(815301076,1909f56bfc062723c751e8b465ee728b)  -> (artifact id: 'd1249a64ff47145e1162c982b4998b36') in 0.052015 seconds
  Import took 0.054733 seconds .

========================================================================
Received Import Request.
  Time since last request: 0.000183 seconds.
  path: Assets/FourEvilDragonsHP/Animations/DragonNightMare/Jump.fbx
  artifactKey: Guid(11710095629f7e044ad54abf1af7fc13) Importer(815301076,1909f56bfc062723c751e8b465ee728b)
Start importing Assets/FourEvilDragonsHP/Animations/DragonNightMare/Jump.fbx using Guid(11710095629f7e044ad54abf1af7fc13) Importer(815301076,1909f56bfc062723c751e8b465ee728b)  -> (artifact id: '46cf48c8812be4ec7c2677b5fa23a9f6') in 0.051496 seconds
  Import took 0.054267 seconds .

========================================================================
Received Import Request.
  Time since last request: 0.000168 seconds.
  path: Assets/FourEvilDragonsHP/Animations/DragonNightMare/walkRight.fbx
  artifactKey: Guid(0d450e707f0b2d646b814fe61b117d4b) Importer(815301076,1909f56bfc062723c751e8b465ee728b)
Start importing Assets/FourEvilDragonsHP/Animations/DragonNightMare/walkRight.fbx using Guid(0d450e707f0b2d646b814fe61b117d4b) Importer(815301076,1909f56bfc062723c751e8b465ee728b)  -> (artifact id: '53d3b474eda7cfb9811ce14ed975ca00') in 0.051574 seconds
  Import took 0.054513 seconds .

========================================================================
Received Import Request.
  Time since last request: 0.000173 seconds.
  path: Assets/FourEvilDragonsHP/Animations/DragonNightMare/walkLeft.fbx
  artifactKey: Guid(f0e26e0f2a772af4a95ec08b88a49302) Importer(815301076,1909f56bfc062723c751e8b465ee728b)
Start importing Assets/FourEvilDragonsHP/Animations/DragonNightMare/walkLeft.fbx using Guid(f0e26e0f2a772af4a95ec08b88a49302) Importer(815301076,1909f56bfc062723c751e8b465ee728b)  -> (artifact id: 'c3d080966b6e9fc74214fa070fdefa80') in 0.048866 seconds
  Import took 0.051587 seconds .

========================================================================
Received Import Request.
  Time since last request: 0.000172 seconds.
  path: Assets/FourEvilDragonsHP/Animations/DragonNightMare/die.fbx
  artifactKey: Guid(4b1dcfc331de54549a94b650385f751e) Importer(815301076,1909f56bfc062723c751e8b465ee728b)
Start importing Assets/FourEvilDragonsHP/Animations/DragonNightMare/die.fbx using Guid(4b1dcfc331de54549a94b650385f751e) Importer(815301076,1909f56bfc062723c751e8b465ee728b)  -> (artifact id: '87ed495b045bf970ebe67f84c8a6c9cf') in 0.048379 seconds
  Import took 0.051083 seconds .

========================================================================
Received Import Request.
  Time since last request: 0.000170 seconds.
  path: Assets/FourEvilDragonsHP/Animations/DragonNightMare/walk.fbx
  artifactKey: Guid(57b96fcfb13429847939b2e633026c89) Importer(815301076,1909f56bfc062723c751e8b465ee728b)
Start importing Assets/FourEvilDragonsHP/Animations/DragonNightMare/walk.fbx using Guid(57b96fcfb13429847939b2e633026c89) Importer(815301076,1909f56bfc062723c751e8b465ee728b)  -> (artifact id: '678fab2cf02e32e98757dab49448d7b6') in 0.052824 seconds
  Import took 0.055545 seconds .

========================================================================
Received Import Request.
  Time since last request: 0.000177 seconds.
  path: Assets/FourEvilDragonsHP/Animations/DragonNightMare/idle01.fbx
  artifactKey: Guid(e6a84557d6aca2f4daa1b608739267d9) Importer(815301076,1909f56bfc062723c751e8b465ee728b)
Start importing Assets/FourEvilDragonsHP/Animations/DragonNightMare/idle01.fbx using Guid(e6a84557d6aca2f4daa1b608739267d9) Importer(815301076,1909f56bfc062723c751e8b465ee728b)  -> (artifact id: 'f3ebceca53cf85273ccd752d7c0a13a4') in 0.047321 seconds
  Import took 0.049947 seconds .

========================================================================
Received Import Request.
  Time since last request: 0.000173 seconds.
  path: Assets/FourEvilDragonsHP/Animations/DragonNightMare/Claw Attack.fbx
  artifactKey: Guid(a8d68f882ac2f2f48982204cc9c22f27) Importer(815301076,1909f56bfc062723c751e8b465ee728b)
Start importing Assets/FourEvilDragonsHP/Animations/DragonNightMare/Claw Attack.fbx using Guid(a8d68f882ac2f2f48982204cc9c22f27) Importer(815301076,1909f56bfc062723c751e8b465ee728b)  -> (artifact id: 'b4ae862db36435a1b0bc4088e6f4a9de') in 0.047063 seconds
  Import took 0.049768 seconds .

========================================================================
Received Import Request.
  Time since last request: 0.000179 seconds.
  path: Assets/FourEvilDragonsHP/Animations/DragonNightMare/walkBack.fbx
  artifactKey: Guid(febc3ddda9a2b7e48a803fdfeeaf757d) Importer(815301076,1909f56bfc062723c751e8b465ee728b)
Start importing Assets/FourEvilDragonsHP/Animations/DragonNightMare/walkBack.fbx using Guid(febc3ddda9a2b7e48a803fdfeeaf757d) Importer(815301076,1909f56bfc062723c751e8b465ee728b)  -> (artifact id: '22869fe5d4c5876efa3c230bc746eeaa') in 0.054311 seconds
  Import took 0.057068 seconds .

========================================================================
Received Import Request.
  Time since last request: 0.000189 seconds.
  path: Assets/FourEvilDragonsHP/Animations/DragonNightMare/run.fbx
  artifactKey: Guid(e225de8969f5f7348aa6e6a2c92c7859) Importer(815301076,1909f56bfc062723c751e8b465ee728b)
Start importing Assets/FourEvilDragonsHP/Animations/DragonNightMare/run.fbx using Guid(e225de8969f5f7348aa6e6a2c92c7859) Importer(815301076,1909f56bfc062723c751e8b465ee728b)  -> (artifact id: '93b5bca9374d77149247e16262bc0c57') in 0.050360 seconds
  Import took 0.053195 seconds .

========================================================================
Received Import Request.
  Time since last request: 0.000170 seconds.
  path: Assets/FourEvilDragonsHP/Animations/DragonNightMare/scream.fbx
  artifactKey: Guid(111c5f2baba40874c84636fdf0cf746e) Importer(815301076,1909f56bfc062723c751e8b465ee728b)
Start importing Assets/FourEvilDragonsHP/Animations/DragonNightMare/scream.fbx using Guid(111c5f2baba40874c84636fdf0cf746e) Importer(815301076,1909f56bfc062723c751e8b465ee728b)  -> (artifact id: '97d98cfdf3205dc1a79e5af8d645ff2f') in 0.050003 seconds
  Import took 0.052702 seconds .

========================================================================
Received Import Request.
  Time since last request: 0.000172 seconds.
  path: Assets/FourEvilDragonsHP/Animations/DragonNightMare/Horn Attack.fbx
  artifactKey: Guid(19a5a8dd9f6eaba49980048610a6e8e3) Importer(815301076,1909f56bfc062723c751e8b465ee728b)
Start importing Assets/FourEvilDragonsHP/Animations/DragonNightMare/Horn Attack.fbx using Guid(19a5a8dd9f6eaba49980048610a6e8e3) Importer(815301076,1909f56bfc062723c751e8b465ee728b)  -> (artifact id: '923f1e35173dd92a918051c6626ad4b2') in 0.051837 seconds
  Import took 0.054566 seconds .

========================================================================
Received Import Request.
  Time since last request: 0.668574 seconds.
  path: Assets/FourEvilDragonsHP/Prefab/DragonUsurper/Blue.prefab
  artifactKey: Guid(445a5c29e7f715947b713a753f242af0) Importer(815301076,1909f56bfc062723c751e8b465ee728b)
Start importing Assets/FourEvilDragonsHP/Prefab/DragonUsurper/Blue.prefab using Guid(445a5c29e7f715947b713a753f242af0) Importer(815301076,1909f56bfc062723c751e8b465ee728b)  -> (artifact id: '6e943f6b5e6fe2fa328e5020e95a55f9') in 0.140110 seconds
  Import took 0.147845 seconds .

========================================================================
Received Import Request.
  Time since last request: 0.000197 seconds.
  path: Assets/FourEvilDragonsHP/Prefab/DragonUsurper/Purple.prefab
  artifactKey: Guid(09ade59177310454ba3c93ae4b7dc125) Importer(815301076,1909f56bfc062723c751e8b465ee728b)
Start importing Assets/FourEvilDragonsHP/Prefab/DragonUsurper/Purple.prefab using Guid(09ade59177310454ba3c93ae4b7dc125) Importer(815301076,1909f56bfc062723c751e8b465ee728b)  -> (artifact id: '938af788d9fb3c9c293bc06af7b2b10e') in 0.148919 seconds
  Import took 0.155382 seconds .

========================================================================
Received Import Request.
  Time since last request: 0.000216 seconds.
  path: Assets/FourEvilDragonsHP/Prefab/DragonUsurper/Green.prefab
  artifactKey: Guid(aeb4794909bc89d43b72ad784903e0f5) Importer(815301076,1909f56bfc062723c751e8b465ee728b)
Start importing Assets/FourEvilDragonsHP/Prefab/DragonUsurper/Green.prefab using Guid(aeb4794909bc89d43b72ad784903e0f5) Importer(815301076,1909f56bfc062723c751e8b465ee728b)  -> (artifact id: '608725847cd5e60042a92dc23192f87a') in 0.168350 seconds
  Import took 0.173924 seconds .

========================================================================
Received Import Request.
  Time since last request: 0.000223 seconds.
  path: Assets/FourEvilDragonsHP/Prefab/DragonUsurper/Red.prefab
  artifactKey: Guid(eb58e8f2831a51f45a44a261e6710cdd) Importer(815301076,1909f56bfc062723c751e8b465ee728b)
Start importing Assets/FourEvilDragonsHP/Prefab/DragonUsurper/Red.prefab using Guid(eb58e8f2831a51f45a44a261e6710cdd) Importer(815301076,1909f56bfc062723c751e8b465ee728b)  -> (artifact id: 'f85d85d5edc96e8c530ccff8670851a4') in 0.146143 seconds
  Import took 0.152213 seconds .

========================================================================
Received Import Request.
  Time since last request: 92.088666 seconds.
  path: Assets/FourEvilDragonsHP/Prefab/DragonNightmare/Albino.prefab
  artifactKey: Guid(8252519d2c6fd014bb5f75765a8c4fda) Importer(815301076,1909f56bfc062723c751e8b465ee728b)
Start importing Assets/FourEvilDragonsHP/Prefab/DragonNightmare/Albino.prefab using Guid(8252519d2c6fd014bb5f75765a8c4fda) Importer(815301076,1909f56bfc062723c751e8b465ee728b)  -> (artifact id: '4515a7e14487637cd41c7fe9080a7910') in 0.041204 seconds
  Import took 0.046235 seconds .

========================================================================
Received Import Request.
  Time since last request: 0.000237 seconds.
  path: Assets/FourEvilDragonsHP/Prefab/DragonNightmare/DarkBlue.prefab
  artifactKey: Guid(a3e7850e56f7e2d4a8cb9e150f10c835) Importer(815301076,1909f56bfc062723c751e8b465ee728b)
Start importing Assets/FourEvilDragonsHP/Prefab/DragonNightmare/DarkBlue.prefab using Guid(a3e7850e56f7e2d4a8cb9e150f10c835) Importer(815301076,1909f56bfc062723c751e8b465ee728b)  -> (artifact id: '1fc85ad3c2d0fa2560e50c49d576f65b') in 0.045861 seconds
  Import took 0.050567 seconds .

========================================================================
Received Import Request.
  Time since last request: 0.000306 seconds.
  path: Assets/FourEvilDragonsHP/Prefab/DragonNightmare/Green.prefab
  artifactKey: Guid(281a986484325de459dc1b3709335bc5) Importer(815301076,1909f56bfc062723c751e8b465ee728b)
Start importing Assets/FourEvilDragonsHP/Prefab/DragonNightmare/Green.prefab using Guid(281a986484325de459dc1b3709335bc5) Importer(815301076,1909f56bfc062723c751e8b465ee728b)  -> (artifact id: 'b571ccd421c61fe75ea7c19013e68130') in 0.041984 seconds
  Import took 0.046570 seconds .

========================================================================
Received Import Request.
  Time since last request: 0.000211 seconds.
  path: Assets/FourEvilDragonsHP/Prefab/DragonNightmare/Blue.prefab
  artifactKey: Guid(edd34a89cfe571f4ca766dcca2459bbe) Importer(815301076,1909f56bfc062723c751e8b465ee728b)
Start importing Assets/FourEvilDragonsHP/Prefab/DragonNightmare/Blue.prefab using Guid(edd34a89cfe571f4ca766dcca2459bbe) Importer(815301076,1909f56bfc062723c751e8b465ee728b)  -> (artifact id: '633088bbecb01433025d4ced07c5a0a4') in 0.042355 seconds
  Import took 0.047552 seconds .

========================================================================
Received Import Request.
  Time since last request: 0.343574 seconds.
  path: Assets/FourEvilDragonsHP/Prefab/DragonTerrorBringer/Blue.prefab
  artifactKey: Guid(20a769104331d8b48ac7d1ea0d49cdf3) Importer(815301076,1909f56bfc062723c751e8b465ee728b)
Start importing Assets/FourEvilDragonsHP/Prefab/DragonTerrorBringer/Blue.prefab using Guid(20a769104331d8b48ac7d1ea0d49cdf3) Importer(815301076,1909f56bfc062723c751e8b465ee728b)  -> (artifact id: 'ec1e95abd6ec062bbaa7b8d09cbff467') in 0.115821 seconds
  Import took 0.120976 seconds .

========================================================================
Received Import Request.
  Time since last request: 0.000244 seconds.
  path: Assets/FourEvilDragonsHP/Prefab/DragonTerrorBringer/Purple.prefab
  artifactKey: Guid(8e302007cba46d94b970c6a0955b9628) Importer(815301076,1909f56bfc062723c751e8b465ee728b)
Start importing Assets/FourEvilDragonsHP/Prefab/DragonTerrorBringer/Purple.prefab using Guid(8e302007cba46d94b970c6a0955b9628) Importer(815301076,1909f56bfc062723c751e8b465ee728b)  -> (artifact id: '00c807aacf3809a5bd47b137e5165007') in 0.117015 seconds
  Import took 0.122125 seconds .

========================================================================
Received Import Request.
  Time since last request: 0.000263 seconds.
  path: Assets/FourEvilDragonsHP/Prefab/DragonTerrorBringer/Green.prefab
  artifactKey: Guid(4e7d7ecd1eafb1746a1fcb020505943c) Importer(815301076,1909f56bfc062723c751e8b465ee728b)
Start importing Assets/FourEvilDragonsHP/Prefab/DragonTerrorBringer/Green.prefab using Guid(4e7d7ecd1eafb1746a1fcb020505943c) Importer(815301076,1909f56bfc062723c751e8b465ee728b)  -> (artifact id: '8cf45c0be507f096f53e3b1ad1c4daf7') in 0.084641 seconds
  Import took 0.089504 seconds .

========================================================================
Received Import Request.
  Time since last request: 0.000282 seconds.
  path: Assets/FourEvilDragonsHP/Prefab/DragonTerrorBringer/Red.prefab
  artifactKey: Guid(59c100dd669d88f46b60555886d4dae7) Importer(815301076,1909f56bfc062723c751e8b465ee728b)
Start importing Assets/FourEvilDragonsHP/Prefab/DragonTerrorBringer/Red.prefab using Guid(59c100dd669d88f46b60555886d4dae7) Importer(815301076,1909f56bfc062723c751e8b465ee728b)  -> (artifact id: 'eb6b724102e28465bac0a8493089e1f9') in 0.047167 seconds
  Import took 0.052250 seconds .

========================================================================
Received Import Request.
  Time since last request: 0.000264 seconds.
  path: Assets/FourEvilDragonsHP/Prefab/DragonTerrorBringer/Blue.prefab
  artifactKey: Guid(20a769104331d8b48ac7d1ea0d49cdf3) Importer(815301076,1909f56bfc062723c751e8b465ee728b)
Start importing Assets/FourEvilDragonsHP/Prefab/DragonTerrorBringer/Blue.prefab using Guid(20a769104331d8b48ac7d1ea0d49cdf3) Importer(815301076,1909f56bfc062723c751e8b465ee728b)  -> (artifact id: 'ec1e95abd6ec062bbaa7b8d09cbff467') in 0.109246 seconds
  Import took 0.114034 seconds .

========================================================================
Received Import Request.
  Time since last request: 173.459214 seconds.
  path: Assets/FourEvilDragonsHP/Materials/DragonUsurper
  artifactKey: Guid(266c8b22508d1b84397cfd1f98dad5da) Importer(815301076,1909f56bfc062723c751e8b465ee728b)
Start importing Assets/FourEvilDragonsHP/Materials/DragonUsurper using Guid(266c8b22508d1b84397cfd1f98dad5da) Importer(815301076,1909f56bfc062723c751e8b465ee728b)  -> (artifact id: '094339b883c277d771a9441ca45fc2ca') in 0.009953 seconds
  Import took 0.013080 seconds .

========================================================================
Received Import Request.
  Time since last request: 0.037197 seconds.
  path: Assets/FourEvilDragonsHP/Materials/DragonUsurper/BlueHP.mat
  artifactKey: Guid(b610c12dfb915564fa7d6ed9771555e3) Importer(815301076,1909f56bfc062723c751e8b465ee728b)
Start importing Assets/FourEvilDragonsHP/Materials/DragonUsurper/BlueHP.mat using Guid(b610c12dfb915564fa7d6ed9771555e3) Importer(815301076,1909f56bfc062723c751e8b465ee728b)  -> (artifact id: '7488af34484639b1d3463c9bcacc34f0') in 0.030724 seconds
  Import took 0.033683 seconds .

========================================================================
Received Import Request.
  Time since last request: 0.000235 seconds.
  path: Assets/FourEvilDragonsHP/Materials/DragonUsurper/GreenHP.mat
  artifactKey: Guid(acd197acde96c544b8d8fd85cc2e8b20) Importer(815301076,1909f56bfc062723c751e8b465ee728b)
Start importing Assets/FourEvilDragonsHP/Materials/DragonUsurper/GreenHP.mat using Guid(acd197acde96c544b8d8fd85cc2e8b20) Importer(815301076,1909f56bfc062723c751e8b465ee728b)  -> (artifact id: 'a7364d7a3edf4b1847fabb95c9f2bb4d') in 0.012274 seconds
  Import took 0.014642 seconds .

========================================================================
Received Import Request.
  Time since last request: 3.516023 seconds.
  path: Assets/FourEvilDragonsHP/Materials/DragonNightmare/AlbinoHP.mat
  artifactKey: Guid(8000a685f5b509b45b455c9ffd1f347f) Importer(815301076,1909f56bfc062723c751e8b465ee728b)
Start importing Assets/FourEvilDragonsHP/Materials/DragonNightmare/AlbinoHP.mat using Guid(8000a685f5b509b45b455c9ffd1f347f) Importer(815301076,1909f56bfc062723c751e8b465ee728b)  -> (artifact id: 'dbd7ea2ad974aef37a00db188b8f51b6') in 0.010759 seconds
  Import took 0.013541 seconds .

========================================================================
Received Import Request.
  Time since last request: 0.000264 seconds.
  path: Assets/FourEvilDragonsHP/Materials/DragonNightmare/GreenHP.mat
  artifactKey: Guid(ca5605f13d3937e40b508c59662c25fd) Importer(815301076,1909f56bfc062723c751e8b465ee728b)
Start importing Assets/FourEvilDragonsHP/Materials/DragonNightmare/GreenHP.mat using Guid(ca5605f13d3937e40b508c59662c25fd) Importer(815301076,1909f56bfc062723c751e8b465ee728b)  -> (artifact id: '88684f1ea138ecad57ca6cfad47b78af') in 0.014965 seconds
  Import took 0.017183 seconds .

========================================================================
Received Import Request.
  Time since last request: 0.000305 seconds.
  path: Assets/FourEvilDragonsHP/Materials/DragonNightmare/DarkBlueHP.mat
  artifactKey: Guid(8a2d1f9276d746a42925272a2372ca11) Importer(815301076,1909f56bfc062723c751e8b465ee728b)
Start importing Assets/FourEvilDragonsHP/Materials/DragonNightmare/DarkBlueHP.mat using Guid(8a2d1f9276d746a42925272a2372ca11) Importer(815301076,1909f56bfc062723c751e8b465ee728b)  -> (artifact id: 'd4f65d7118d0406818b34c947178251d') in 0.022889 seconds
  Import took 0.025466 seconds .

========================================================================
Received Import Request.
  Time since last request: 0.000271 seconds.
  path: Assets/FourEvilDragonsHP/Materials/DragonNightmare/BlueHP.mat
  artifactKey: Guid(81d2b67dc7484724095d4343217c4e31) Importer(815301076,1909f56bfc062723c751e8b465ee728b)
Start importing Assets/FourEvilDragonsHP/Materials/DragonNightmare/BlueHP.mat using Guid(81d2b67dc7484724095d4343217c4e31) Importer(815301076,1909f56bfc062723c751e8b465ee728b)  -> (artifact id: 'a1760186248cfdbb98cca0c40542ea0c') in 0.012894 seconds
  Import took 0.015656 seconds .

========================================================================
Received Import Request.
  Time since last request: 0.009129 seconds.
  path: Assets/FourEvilDragonsHP/Materials/DragonNightmare/DarkBlueHP.mat
  artifactKey: Guid(8a2d1f9276d746a42925272a2372ca11) Importer(815301076,1909f56bfc062723c751e8b465ee728b)
Start importing Assets/FourEvilDragonsHP/Materials/DragonNightmare/DarkBlueHP.mat using Guid(8a2d1f9276d746a42925272a2372ca11) Importer(815301076,1909f56bfc062723c751e8b465ee728b)  -> (artifact id: 'd4f65d7118d0406818b34c947178251d') in 0.011567 seconds
  Import took 0.014382 seconds .

========================================================================
Received Import Request.
  Time since last request: 4.219244 seconds.
  path: Assets/FourEvilDragonsHP/Materials/DragonSoulEater/BlueHP.mat
  artifactKey: Guid(5fcde950c31077243850f23d14ba9a5a) Importer(815301076,1909f56bfc062723c751e8b465ee728b)
Start importing Assets/FourEvilDragonsHP/Materials/DragonSoulEater/BlueHP.mat using Guid(5fcde950c31077243850f23d14ba9a5a) Importer(815301076,1909f56bfc062723c751e8b465ee728b)  -> (artifact id: 'ff9582740705fbac077ac9a0d5c8f073') in 0.014885 seconds
  Import took 0.017652 seconds .

========================================================================
Received Import Request.
  Time since last request: 0.000350 seconds.
  path: Assets/FourEvilDragonsHP/Materials/DragonSoulEater/GreyHP.mat
  artifactKey: Guid(0526c5be35ba93547acf614ed1950a2f) Importer(815301076,1909f56bfc062723c751e8b465ee728b)
Start importing Assets/FourEvilDragonsHP/Materials/DragonSoulEater/GreyHP.mat using Guid(0526c5be35ba93547acf614ed1950a2f) Importer(815301076,1909f56bfc062723c751e8b465ee728b)  -> (artifact id: '26202c1abe75396eb4327d800b3f0098') in 0.023018 seconds
  Import took 0.025588 seconds .

========================================================================
Received Import Request.
  Time since last request: 0.000233 seconds.
  path: Assets/FourEvilDragonsHP/Materials/DragonSoulEater/GreenHP.mat
  artifactKey: Guid(1b51484aceb3349479b6c084713a5517) Importer(815301076,1909f56bfc062723c751e8b465ee728b)
Start importing Assets/FourEvilDragonsHP/Materials/DragonSoulEater/GreenHP.mat using Guid(1b51484aceb3349479b6c084713a5517) Importer(815301076,1909f56bfc062723c751e8b465ee728b)  -> (artifact id: 'b4e6c4c99dc6a6bd16f6dac095f0637c') in 0.102333 seconds
  Import took 0.104736 seconds .

========================================================================
Received Import Request.
  Time since last request: 12.255063 seconds.
  path: Assets/FourEvilDragonsHP/Materials/DragonTerrorBringer/BlueHP.mat
  artifactKey: Guid(dcc7344671ccf0044a1fb5038007860e) Importer(815301076,1909f56bfc062723c751e8b465ee728b)
Start importing Assets/FourEvilDragonsHP/Materials/DragonTerrorBringer/BlueHP.mat using Guid(dcc7344671ccf0044a1fb5038007860e) Importer(815301076,1909f56bfc062723c751e8b465ee728b)  -> (artifact id: '4f2a8486a3fc311666f6519114469bc9') in 0.084832 seconds
  Import took 0.087873 seconds .

========================================================================
Received Import Request.
  Time since last request: 0.000231 seconds.
  path: Assets/FourEvilDragonsHP/Materials/DragonTerrorBringer/GreenHP.mat
  artifactKey: Guid(63a8442de5af83f49902935ef0d8904e) Importer(815301076,1909f56bfc062723c751e8b465ee728b)
Start importing Assets/FourEvilDragonsHP/Materials/DragonTerrorBringer/GreenHP.mat using Guid(63a8442de5af83f49902935ef0d8904e) Importer(815301076,1909f56bfc062723c751e8b465ee728b)  -> (artifact id: '451c54548190a12ecd0d2560997d53ae') in 0.013650 seconds
  Import took 0.015971 seconds .

========================================================================
Received Import Request.
  Time since last request: 42.031954 seconds.
  path: Assets/FourEvilDragonsHP/Animations/DragonNightMare
  artifactKey: Guid(6a8b5480e0c64544a912f4218b0519bc) Importer(815301076,1909f56bfc062723c751e8b465ee728b)
Start importing Assets/FourEvilDragonsHP/Animations/DragonNightMare using Guid(6a8b5480e0c64544a912f4218b0519bc) Importer(815301076,1909f56bfc062723c751e8b465ee728b)  -> (artifact id: '3e16f4b79708941f8b90113c5e665280') in 0.009891 seconds
  Import took 0.012583 seconds .

AssetImportWorkerClient::OnTransportError - code=2 error=End of file
